<?xml version="1.0" encoding="UTF-8"?>
<!-- Generated by org.testng.reporters.JUnitReportReporter -->
<testsuite hostname="LAPTOP-GA4HMSSR" failures="0" tests="4" name="com.bridgelabz.qa.DB_Testing.DB_Test" time="0.589" errors="0" timestamp="2022-11-16T13:00:12 IST" skipped="0">
  <testcase classname="com.bridgelabz.qa.DB_Testing.DB_Test" name="getTableData" time="0.061"/>
  <system-out/>
  <testcase classname="com.bridgelabz.qa.DB_Testing.DB_Test" name="deleteData" time="0.265"/>
  <system-out/>
  <testcase classname="com.bridgelabz.qa.DB_Testing.DB_Test" name="insertData" time="0.184"/>
  <system-out/>
  <testcase classname="com.bridgelabz.qa.DB_Testing.DB_Test" name="updateData" time="0.079"/>
  <system-out/>
</testsuite> <!-- com.bridgelabz.qa.DB_Testing.DB_Test -->
